version https://git-lfs.github.com/spec/v1
oid sha256:01c768bd1ba746594c21bcd92cd20acf958c6ae1297860961f07b2b911b35b31
size 16
