version https://git-lfs.github.com/spec/v1
oid sha256:3455c5ea2db87abe0d7988b13fb8e700e7c95c8dcc796162af39c2a4f5473265
size 4771
