version https://git-lfs.github.com/spec/v1
oid sha256:7d413c0257382ca761a68b4b95e6e0b7284ad68fb2a7a35e524e83e6ed51b6bb
size 17
